<?xml version="1.0" encoding="UTF-8"?>
<coverage generated="1784469461518" clover="3.2.0">
  <project timestamp="1784469461518" name="All files">
    <metrics statements="115" coveredstatements="114" conditionals="146" coveredconditionals="125" methods="42" coveredmethods="41" elements="303" coveredelements="280" complexity="0" loc="115" ncloc="115" packages="2" files="7" classes="7"/>
    <package name="components.board">
      <metrics statements="24" coveredstatements="24" conditionals="16" coveredconditionals="15" methods="4" coveredmethods="4"/>
      <file name="masonry-layout.ts" path="/Users/tuvo/Documents/Github/comic-board/src/components/board/masonry-layout.ts">
        <metrics statements="24" coveredstatements="24" conditionals="16" coveredconditionals="15" methods="4" coveredmethods="4"/>
        <line num="18" count="1" type="stmt"/>
        <line num="19" count="1" type="stmt"/>
        <line num="23" count="1" type="stmt"/>
        <line num="27" count="9" type="cond" truecount="2" falsecount="0"/>
        <line num="28" count="8" type="cond" truecount="2" falsecount="0"/>
        <line num="29" count="7" type="cond" truecount="2" falsecount="0"/>
        <line num="30" count="3" type="cond" truecount="2" falsecount="0"/>
        <line num="31" count="2" type="cond" truecount="2" falsecount="0"/>
        <line num="32" count="1" type="stmt"/>
        <line num="37" count="6" type="cond" truecount="2" falsecount="0"/>
        <line num="38" count="5" type="stmt"/>
        <line num="58" count="5" type="cond" truecount="2" falsecount="0"/>
        <line num="62" count="5" type="cond" truecount="1" falsecount="1"/>
        <line num="64" count="5" type="stmt"/>
        <line num="65" count="5" type="stmt"/>
        <line num="67" count="5" type="stmt"/>
        <line num="69" count="5" type="stmt"/>
        <line num="70" count="32" type="stmt"/>
        <line num="71" count="32" type="stmt"/>
        <line num="72" count="32" type="stmt"/>
        <line num="73" count="32" type="stmt"/>
        <line num="74" count="32" type="stmt"/>
        <line num="77" count="5" type="stmt"/>
        <line num="78" count="5" type="stmt"/>
      </file>
    </package>
    <package name="lib">
      <metrics statements="91" coveredstatements="90" conditionals="130" coveredconditionals="110" methods="38" coveredmethods="37"/>
      <file name="filters.ts" path="/Users/tuvo/Documents/Github/comic-board/src/lib/filters.ts">
        <metrics statements="50" coveredstatements="50" conditionals="83" coveredconditionals="66" methods="22" coveredmethods="22"/>
        <line num="15" count="1" type="stmt"/>
        <line num="28" count="1" type="stmt"/>
        <line num="42" count="1" type="stmt"/>
        <line num="56" count="11" type="stmt"/>
        <line num="57" count="11" type="stmt"/>
        <line num="66" count="2" type="stmt"/>
        <line num="67" count="12" type="stmt"/>
        <line num="68" count="12" type="stmt"/>
        <line num="69" count="30" type="stmt"/>
        <line num="70" count="11" type="cond" truecount="3" falsecount="1"/>
        <line num="73" count="12" type="stmt"/>
        <line num="74" count="6" type="stmt"/>
        <line num="75" count="2" type="stmt"/>
        <line num="77" count="2" type="stmt"/>
        <line num="78" count="5" type="stmt"/>
        <line num="79" count="5" type="cond" truecount="2" falsecount="0"/>
        <line num="80" count="5" type="stmt"/>
        <line num="81" count="5" type="stmt"/>
        <line num="82" count="5" type="stmt"/>
        <line num="83" count="5" type="stmt"/>
        <line num="88" count="13" type="stmt"/>
        <line num="89" count="13" type="stmt"/>
        <line num="90" count="40" type="cond" truecount="2" falsecount="0"/>
        <line num="91" count="9" type="stmt"/>
        <line num="100" count="9" type="cond" truecount="2" falsecount="0"/>
        <line num="102" count="34" type="cond" truecount="2" falsecount="2"/>
        <line num="103" count="34" type="cond" truecount="6" falsecount="0"/>
        <line num="104" count="32" type="cond" truecount="4" falsecount="0"/>
        <line num="105" count="30" type="cond" truecount="4" falsecount="0"/>
        <line num="106" count="28" type="cond" truecount="4" falsecount="0"/>
        <line num="107" count="27" type="cond" truecount="4" falsecount="0"/>
        <line num="109" count="25" type="cond" truecount="5" falsecount="0"/>
        <line num="110" count="24" type="cond" truecount="5" falsecount="0"/>
        <line num="111" count="21" type="stmt"/>
        <line num="120" count="1" type="stmt"/>
        <line num="121" count="6" type="stmt"/>
        <line num="122" count="1" type="stmt"/>
        <line num="137" count="1" type="stmt"/>
        <line num="138" count="1" type="stmt"/>
        <line num="139" count="9" type="stmt"/>
        <line num="141" count="1" type="cond" truecount="1" falsecount="1"/>
        <line num="142" count="1" type="cond" truecount="1" falsecount="1"/>
        <line num="143" count="1" type="cond" truecount="1" falsecount="1"/>
        <line num="144" count="1" type="cond" truecount="1" falsecount="1"/>
        <line num="145" count="1" type="cond" truecount="1" falsecount="1"/>
        <line num="146" count="1" type="cond" truecount="1" falsecount="1"/>
        <line num="147" count="1" type="cond" truecount="1" falsecount="1"/>
        <line num="148" count="1" type="cond" truecount="1" falsecount="1"/>
        <line num="149" count="1" type="cond" truecount="1" falsecount="1"/>
        <line num="150" count="1" type="stmt"/>
      </file>
      <file name="fractional-index.ts" path="/Users/tuvo/Documents/Github/comic-board/src/lib/fractional-index.ts">
        <metrics statements="10" coveredstatements="10" conditionals="16" coveredconditionals="16" methods="4" coveredmethods="4"/>
        <line num="8" count="1" type="stmt"/>
        <line num="12" count="3" type="cond" truecount="4" falsecount="0"/>
        <line num="13" count="2" type="stmt"/>
        <line num="18" count="3" type="cond" truecount="4" falsecount="0"/>
        <line num="19" count="2" type="stmt"/>
        <line num="30" count="25" type="cond" truecount="4" falsecount="0"/>
        <line num="31" count="24" type="cond" truecount="2" falsecount="0"/>
        <line num="32" count="23" type="cond" truecount="2" falsecount="0"/>
        <line num="33" count="22" type="stmt"/>
        <line num="41" count="2" type="stmt"/>
      </file>
      <file name="ids.ts" path="/Users/tuvo/Documents/Github/comic-board/src/lib/ids.ts">
        <metrics statements="3" coveredstatements="3" conditionals="0" coveredconditionals="0" methods="1" coveredmethods="1"/>
        <line num="4" count="1" type="stmt"/>
        <line num="5" count="1" type="stmt"/>
        <line num="9" count="5" type="stmt"/>
      </file>
      <file name="schemas.ts" path="/Users/tuvo/Documents/Github/comic-board/src/lib/schemas.ts">
        <metrics statements="7" coveredstatements="6" conditionals="0" coveredconditionals="0" methods="2" coveredmethods="1"/>
        <line num="4" count="1" type="stmt"/>
        <line num="17" count="0" type="stmt"/>
        <line num="34" count="1" type="stmt"/>
        <line num="47" count="5" type="stmt"/>
        <line num="57" count="1" type="stmt"/>
        <line num="62" count="1" type="stmt"/>
        <line num="67" count="1" type="stmt"/>
      </file>
      <file name="sort.ts" path="/Users/tuvo/Documents/Github/comic-board/src/lib/sort.ts">
        <metrics statements="18" coveredstatements="18" conditionals="28" coveredconditionals="25" methods="8" coveredmethods="8"/>
        <line num="5" count="1" type="stmt"/>
        <line num="7" count="1" type="stmt"/>
        <line num="16" count="4" type="stmt"/>
        <line num="23" count="2" type="cond" truecount="1" falsecount="1"/>
        <line num="24" count="2" type="stmt"/>
        <line num="25" count="2" type="cond" truecount="1" falsecount="1"/>
        <line num="30" count="6" type="stmt"/>
        <line num="31" count="6" type="cond" truecount="5" falsecount="0"/>
        <line num="33" count="4" type="stmt"/>
        <line num="36" count="3" type="stmt"/>
        <line num="39" count="1" type="stmt"/>
        <line num="40" count="3" type="cond" truecount="3" falsecount="1"/>
        <line num="41" count="3" type="cond" truecount="2" falsecount="0"/>
        <line num="42" count="2" type="cond" truecount="2" falsecount="0"/>
        <line num="43" count="1" type="stmt"/>
        <line num="47" count="1" type="stmt"/>
        <line num="49" count="3" type="cond" truecount="2" falsecount="0"/>
        <line num="53" count="5" type="cond" truecount="4" falsecount="0"/>
      </file>
      <file name="test-fixtures.ts" path="/Users/tuvo/Documents/Github/comic-board/src/lib/test-fixtures.ts">
        <metrics statements="3" coveredstatements="3" conditionals="3" coveredconditionals="3" methods="1" coveredmethods="1"/>
        <line num="3" count="3" type="stmt"/>
        <line num="7" count="35" type="stmt"/>
        <line num="8" count="35" type="stmt"/>
      </file>
    </package>
  </project>
</coverage>
