{"/Users/tuvo/Documents/Github/comic-board/src/components/board/masonry-layout.ts": {"path":"/Users/tuvo/Documents/Github/comic-board/src/components/board/masonry-layout.ts","statementMap":{"0":{"start":{"line":18,"column":12},"end":{"line":18,"column":null}},"1":{"start":{"line":19,"column":23},"end":{"line":19,"column":null}},"2":{"start":{"line":23,"column":20},"end":{"line":23,"column":null}},"3":{"start":{"line":27,"column":2},"end":{"line":27,"column":null}},"4":{"start":{"line":27,"column":21},"end":{"line":27,"column":null}},"5":{"start":{"line":28,"column":2},"end":{"line":28,"column":null}},"6":{"start":{"line":28,"column":21},"end":{"line":28,"column":null}},"7":{"start":{"line":29,"column":2},"end":{"line":29,"column":null}},"8":{"start":{"line":29,"column":21},"end":{"line":29,"column":null}},"9":{"start":{"line":30,"column":2},"end":{"line":30,"column":null}},"10":{"start":{"line":30,"column":20},"end":{"line":30,"column":null}},"11":{"start":{"line":31,"column":2},"end":{"line":31,"column":null}},"12":{"start":{"line":31,"column":20},"end":{"line":31,"column":null}},"13":{"start":{"line":32,"column":2},"end":{"line":32,"column":null}},"14":{"start":{"line":37,"column":2},"end":{"line":37,"column":null}},"15":{"start":{"line":37,"column":18},"end":{"line":37,"column":null}},"16":{"start":{"line":38,"column":2},"end":{"line":38,"column":null}},"17":{"start":{"line":58,"column":4},"end":{"line":60,"column":null}},"18":{"start":{"line":62,"column":4},"end":{"line":62,"column":null}},"19":{"start":{"line":64,"column":21},"end":{"line":64,"column":null}},"20":{"start":{"line":65,"column":21},"end":{"line":65,"column":null}},"21":{"start":{"line":67,"column":21},"end":{"line":67,"column":null}},"22":{"start":{"line":69,"column":2},"end":{"line":75,"column":null}},"23":{"start":{"line":70,"column":16},"end":{"line":70,"column":null}},"24":{"start":{"line":71,"column":14},"end":{"line":71,"column":null}},"25":{"start":{"line":72,"column":14},"end":{"line":72,"column":null}},"26":{"start":{"line":73,"column":4},"end":{"line":73,"column":null}},"27":{"start":{"line":74,"column":4},"end":{"line":74,"column":null}},"28":{"start":{"line":77,"column":17},"end":{"line":77,"column":null}},"29":{"start":{"line":78,"column":2},"end":{"line":78,"column":null}}},"fnMap":{"0":{"name":"columnsForWidth","decl":{"start":{"line":26,"column":16},"end":{"line":26,"column":32}},"loc":{"start":{"line":26,"column":55},"end":{"line":33,"column":null}},"line":26},"1":{"name":"maxColumnsForWidth","decl":{"start":{"line":36,"column":16},"end":{"line":36,"column":35}},"loc":{"start":{"line":36,"column":58},"end":{"line":39,"column":null}},"line":36},"2":{"name":"computeMasonry","decl":{"start":{"line":52,"column":16},"end":{"line":52,"column":null}},"loc":{"start":{"line":56,"column":17},"end":{"line":79,"column":null}},"line":56},"3":{"name":"(anonymous_3)","decl":{"start":{"line":69,"column":8},"end":{"line":69,"column":17}},"loc":{"start":{"line":69,"column":29},"end":{"line":75,"column":3}},"line":69}},"branchMap":{"0":{"loc":{"start":{"line":27,"column":2},"end":{"line":27,"column":null}},"type":"if","locations":[{"start":{"line":27,"column":2},"end":{"line":27,"column":null}},{"start":{},"end":{}}],"line":27},"1":{"loc":{"start":{"line":28,"column":2},"end":{"line":28,"column":null}},"type":"if","locations":[{"start":{"line":28,"column":2},"end":{"line":28,"column":null}},{"start":{},"end":{}}],"line":28},"2":{"loc":{"start":{"line":29,"column":2},"end":{"line":29,"column":null}},"type":"if","locations":[{"start":{"line":29,"column":2},"end":{"line":29,"column":null}},{"start":{},"end":{}}],"line":29},"3":{"loc":{"start":{"line":30,"column":2},"end":{"line":30,"column":null}},"type":"if","locations":[{"start":{"line":30,"column":2},"end":{"line":30,"column":null}},{"start":{},"end":{}}],"line":30},"4":{"loc":{"start":{"line":31,"column":2},"end":{"line":31,"column":null}},"type":"if","locations":[{"start":{"line":31,"column":2},"end":{"line":31,"column":null}},{"start":{},"end":{}}],"line":31},"5":{"loc":{"start":{"line":37,"column":2},"end":{"line":37,"column":null}},"type":"if","locations":[{"start":{"line":37,"column":2},"end":{"line":37,"column":null}},{"start":{},"end":{}}],"line":37},"6":{"loc":{"start":{"line":58,"column":4},"end":{"line":60,"column":null}},"type":"cond-expr","locations":[{"start":{"line":59,"column":8},"end":{"line":59,"column":null}},{"start":{"line":60,"column":8},"end":{"line":60,"column":null}}],"line":58},"7":{"loc":{"start":{"line":62,"column":4},"end":{"line":62,"column":null}},"type":"cond-expr","locations":[{"start":{"line":62,"column":14},"end":{"line":62,"column":69}},{"start":{"line":62,"column":69},"end":{"line":62,"column":null}}],"line":62}},"s":{"0":1,"1":1,"2":1,"3":9,"4":1,"5":8,"6":1,"7":7,"8":4,"9":3,"10":1,"11":2,"12":1,"13":1,"14":6,"15":1,"16":5,"17":5,"18":5,"19":5,"20":5,"21":5,"22":5,"23":32,"24":32,"25":32,"26":32,"27":32,"28":5,"29":5},"f":{"0":9,"1":6,"2":5,"3":32},"b":{"0":[1,8],"1":[1,7],"2":[4,3],"3":[1,2],"4":[1,1],"5":[1,5],"6":[2,3],"7":[5,0]},"meta":{"lastBranch":8,"lastFunction":4,"lastStatement":30,"seen":{"s:18:12:18:Infinity":0,"s:19:23:19:Infinity":1,"s:23:20:23:Infinity":2,"f:26:16:26:32":0,"b:27:2:27:Infinity:undefined:undefined:undefined:undefined":0,"s:27:2:27:Infinity":3,"s:27:21:27:Infinity":4,"b:28:2:28:Infinity:undefined:undefined:undefined:undefined":1,"s:28:2:28:Infinity":5,"s:28:21:28:Infinity":6,"b:29:2:29:Infinity:undefined:undefined:undefined:undefined":2,"s:29:2:29:Infinity":7,"s:29:21:29:Infinity":8,"b:30:2:30:Infinity:undefined:undefined:undefined:undefined":3,"s:30:2:30:Infinity":9,"s:30:20:30:Infinity":10,"b:31:2:31:Infinity:undefined:undefined:undefined:undefined":4,"s:31:2:31:Infinity":11,"s:31:20:31:Infinity":12,"s:32:2:32:Infinity":13,"f:36:16:36:35":1,"b:37:2:37:Infinity:undefined:undefined:undefined:undefined":5,"s:37:2:37:Infinity":14,"s:37:18:37:Infinity":15,"s:38:2:38:Infinity":16,"f:52:16:52:Infinity":2,"s:58:4:60:Infinity":17,"b:59:8:59:Infinity:60:8:60:Infinity":6,"s:62:4:62:Infinity":18,"b:62:14:62:69:62:69:62:Infinity":7,"s:64:21:64:Infinity":19,"s:65:21:65:Infinity":20,"s:67:21:67:Infinity":21,"s:69:2:75:Infinity":22,"f:69:8:69:17":3,"s:70:16:70:Infinity":23,"s:71:14:71:Infinity":24,"s:72:14:72:Infinity":25,"s:73:4:73:Infinity":26,"s:74:4:74:Infinity":27,"s:77:17:77:Infinity":28,"s:78:2:78:Infinity":29},"fnNames":{}}}
,"/Users/tuvo/Documents/Github/comic-board/src/lib/filters.ts": {"path":"/Users/tuvo/Documents/Github/comic-board/src/lib/filters.ts","statementMap":{"0":{"start":{"line":15,"column":38},"end":{"line":25,"column":null}},"1":{"start":{"line":28,"column":2},"end":{"line":37,"column":null}},"2":{"start":{"line":42,"column":2},"end":{"line":51,"column":null}},"3":{"start":{"line":56,"column":14},"end":{"line":56,"column":null}},"4":{"start":{"line":56,"column":35},"end":{"line":56,"column":50}},"5":{"start":{"line":57,"column":2},"end":{"line":57,"column":null}},"6":{"start":{"line":57,"column":23},"end":{"line":57,"column":47}},"7":{"start":{"line":66,"column":8},"end":{"line":76,"column":null}},"8":{"start":{"line":67,"column":14},"end":{"line":67,"column":null}},"9":{"start":{"line":68,"column":4},"end":{"line":72,"column":null}},"10":{"start":{"line":69,"column":6},"end":{"line":71,"column":null}},"11":{"start":{"line":70,"column":8},"end":{"line":70,"column":null}},"12":{"start":{"line":70,"column":15},"end":{"line":70,"column":null}},"13":{"start":{"line":73,"column":4},"end":{"line":75,"column":null}},"14":{"start":{"line":74,"column":32},"end":{"line":74,"column":49}},"15":{"start":{"line":75,"column":22},"end":{"line":75,"column":52}},"16":{"start":{"line":77,"column":2},"end":{"line":84,"column":null}},"17":{"start":{"line":78,"column":25},"end":{"line":78,"column":35}},"18":{"start":{"line":79,"column":30},"end":{"line":79,"column":63}},"19":{"start":{"line":80,"column":26},"end":{"line":80,"column":35}},"20":{"start":{"line":81,"column":26},"end":{"line":81,"column":35}},"21":{"start":{"line":82,"column":29},"end":{"line":82,"column":41}},"22":{"start":{"line":83,"column":23},"end":{"line":83,"column":29}},"23":{"start":{"line":88,"column":12},"end":{"line":88,"column":null}},"24":{"start":{"line":89,"column":2},"end":{"line":112,"column":null}},"25":{"start":{"line":90,"column":4},"end":{"line":101,"column":null}},"26":{"start":{"line":91,"column":23},"end":{"line":99,"column":null}},"27":{"start":{"line":100,"column":6},"end":{"line":100,"column":null}},"28":{"start":{"line":100,"column":33},"end":{"line":100,"column":null}},"29":{"start":{"line":102,"column":4},"end":{"line":102,"column":null}},"30":{"start":{"line":102,"column":57},"end":{"line":102,"column":null}},"31":{"start":{"line":103,"column":4},"end":{"line":103,"column":null}},"32":{"start":{"line":103,"column":85},"end":{"line":103,"column":null}},"33":{"start":{"line":104,"column":4},"end":{"line":104,"column":null}},"34":{"start":{"line":104,"column":61},"end":{"line":104,"column":null}},"35":{"start":{"line":105,"column":4},"end":{"line":105,"column":null}},"36":{"start":{"line":105,"column":61},"end":{"line":105,"column":null}},"37":{"start":{"line":106,"column":4},"end":{"line":106,"column":null}},"38":{"start":{"line":106,"column":70},"end":{"line":106,"column":null}},"39":{"start":{"line":107,"column":4},"end":{"line":107,"column":null}},"40":{"start":{"line":107,"column":52},"end":{"line":107,"column":null}},"41":{"start":{"line":109,"column":4},"end":{"line":109,"column":null}},"42":{"start":{"line":109,"column":66},"end":{"line":109,"column":null}},"43":{"start":{"line":110,"column":4},"end":{"line":110,"column":null}},"44":{"start":{"line":110,"column":62},"end":{"line":110,"column":null}},"45":{"start":{"line":111,"column":4},"end":{"line":111,"column":null}},"46":{"start":{"line":120,"column":8},"end":{"line":121,"column":null}},"47":{"start":{"line":121,"column":4},"end":{"line":121,"column":null}},"48":{"start":{"line":121,"column":38},"end":{"line":121,"column":66}},"49":{"start":{"line":122,"column":2},"end":{"line":132,"column":null}},"50":{"start":{"line":137,"column":12},"end":{"line":137,"column":null}},"51":{"start":{"line":138,"column":2},"end":{"line":140,"column":null}},"52":{"start":{"line":139,"column":11},"end":{"line":139,"column":null}},"53":{"start":{"line":141,"column":2},"end":{"line":141,"column":null}},"54":{"start":{"line":141,"column":18},"end":{"line":141,"column":null}},"55":{"start":{"line":142,"column":2},"end":{"line":142,"column":null}},"56":{"start":{"line":142,"column":23},"end":{"line":142,"column":null}},"57":{"start":{"line":143,"column":2},"end":{"line":143,"column":null}},"58":{"start":{"line":143,"column":27},"end":{"line":143,"column":null}},"59":{"start":{"line":144,"column":2},"end":{"line":144,"column":null}},"60":{"start":{"line":144,"column":24},"end":{"line":144,"column":null}},"61":{"start":{"line":145,"column":2},"end":{"line":145,"column":null}},"62":{"start":{"line":145,"column":24},"end":{"line":145,"column":null}},"63":{"start":{"line":146,"column":2},"end":{"line":146,"column":null}},"64":{"start":{"line":146,"column":27},"end":{"line":146,"column":null}},"65":{"start":{"line":147,"column":2},"end":{"line":147,"column":null}},"66":{"start":{"line":147,"column":21},"end":{"line":147,"column":null}},"67":{"start":{"line":148,"column":2},"end":{"line":148,"column":null}},"68":{"start":{"line":148,"column":18},"end":{"line":148,"column":null}},"69":{"start":{"line":149,"column":2},"end":{"line":149,"column":null}},"70":{"start":{"line":149,"column":16},"end":{"line":149,"column":null}},"71":{"start":{"line":150,"column":2},"end":{"line":150,"column":null}}},"fnMap":{"0":{"name":"filtersActive","decl":{"start":{"line":27,"column":16},"end":{"line":27,"column":30}},"loc":{"start":{"line":27,"column":51},"end":{"line":39,"column":null}},"line":27},"1":{"name":"countActive","decl":{"start":{"line":41,"column":16},"end":{"line":41,"column":28}},"loc":{"start":{"line":41,"column":48},"end":{"line":53,"column":null}},"line":41},"2":{"name":"overlaps","decl":{"start":{"line":55,"column":9},"end":{"line":55,"column":18}},"loc":{"start":{"line":55,"column":53},"end":{"line":58,"column":null}},"line":55},"3":{"name":"(anonymous_3)","decl":{"start":{"line":56,"column":24},"end":{"line":56,"column":29}},"loc":{"start":{"line":56,"column":35},"end":{"line":56,"column":50}},"line":56},"4":{"name":"(anonymous_4)","decl":{"start":{"line":57,"column":11},"end":{"line":57,"column":17}},"loc":{"start":{"line":57,"column":23},"end":{"line":57,"column":47}},"line":57},"5":{"name":"computeFacets","decl":{"start":{"line":65,"column":16},"end":{"line":65,"column":30}},"loc":{"start":{"line":65,"column":59},"end":{"line":85,"column":null}},"line":65},"6":{"name":"(anonymous_6)","decl":{"start":{"line":66,"column":8},"end":{"line":66,"column":17}},"loc":{"start":{"line":66,"column":53},"end":{"line":76,"column":null}},"line":66},"7":{"name":"(anonymous_7)","decl":{"start":{"line":74,"column":7},"end":{"line":74,"column":12}},"loc":{"start":{"line":74,"column":32},"end":{"line":74,"column":49}},"line":74},"8":{"name":"(anonymous_8)","decl":{"start":{"line":75,"column":7},"end":{"line":75,"column":13}},"loc":{"start":{"line":75,"column":22},"end":{"line":75,"column":52}},"line":75},"9":{"name":"(anonymous_9)","decl":{"start":{"line":78,"column":12},"end":{"line":78,"column":19}},"loc":{"start":{"line":78,"column":25},"end":{"line":78,"column":35}},"line":78},"10":{"name":"(anonymous_10)","decl":{"start":{"line":79,"column":16},"end":{"line":79,"column":23}},"loc":{"start":{"line":79,"column":30},"end":{"line":79,"column":63}},"line":79},"11":{"name":"(anonymous_11)","decl":{"start":{"line":80,"column":13},"end":{"line":80,"column":20}},"loc":{"start":{"line":80,"column":26},"end":{"line":80,"column":35}},"line":80},"12":{"name":"(anonymous_12)","decl":{"start":{"line":81,"column":13},"end":{"line":81,"column":20}},"loc":{"start":{"line":81,"column":26},"end":{"line":81,"column":35}},"line":81},"13":{"name":"(anonymous_13)","decl":{"start":{"line":82,"column":16},"end":{"line":82,"column":23}},"loc":{"start":{"line":82,"column":29},"end":{"line":82,"column":41}},"line":82},"14":{"name":"(anonymous_14)","decl":{"start":{"line":83,"column":10},"end":{"line":83,"column":17}},"loc":{"start":{"line":83,"column":23},"end":{"line":83,"column":29}},"line":83},"15":{"name":"applyFilters","decl":{"start":{"line":87,"column":16},"end":{"line":87,"column":29}},"loc":{"start":{"line":87,"column":73},"end":{"line":113,"column":null}},"line":87},"16":{"name":"(anonymous_16)","decl":{"start":{"line":89,"column":16},"end":{"line":89,"column":24}},"loc":{"start":{"line":89,"column":30},"end":{"line":112,"column":3}},"line":89},"17":{"name":"filtersFromParams","decl":{"start":{"line":119,"column":16},"end":{"line":119,"column":34}},"loc":{"start":{"line":119,"column":68},"end":{"line":133,"column":null}},"line":119},"18":{"name":"(anonymous_18)","decl":{"start":{"line":120,"column":8},"end":{"line":120,"column":18}},"loc":{"start":{"line":121,"column":4},"end":{"line":121,"column":null}},"line":121},"19":{"name":"(anonymous_19)","decl":{"start":{"line":121,"column":23},"end":{"line":121,"column":32}},"loc":{"start":{"line":121,"column":38},"end":{"line":121,"column":66}},"line":121},"20":{"name":"filtersToParams","decl":{"start":{"line":136,"column":16},"end":{"line":136,"column":32}},"loc":{"start":{"line":136,"column":85},"end":{"line":151,"column":null}},"line":136},"21":{"name":"(anonymous_21)","decl":{"start":{"line":138,"column":85},"end":{"line":138,"column":null}},"loc":{"start":{"line":139,"column":11},"end":{"line":139,"column":null}},"line":139}},"branchMap":{"0":{"loc":{"start":{"line":29,"column":4},"end":{"line":37,"column":null}},"type":"binary-expr","locations":[{"start":{"line":29,"column":4},"end":{"line":29,"column":null}},{"start":{"line":30,"column":4},"end":{"line":30,"column":null}},{"start":{"line":31,"column":4},"end":{"line":31,"column":null}},{"start":{"line":32,"column":4},"end":{"line":32,"column":null}},{"start":{"line":33,"column":4},"end":{"line":33,"column":null}},{"start":{"line":34,"column":4},"end":{"line":34,"column":null}},{"start":{"line":35,"column":4},"end":{"line":35,"column":null}},{"start":{"line":36,"column":4},"end":{"line":36,"column":null}},{"start":{"line":37,"column":4},"end":{"line":37,"column":null}}],"line":29},"1":{"loc":{"start":{"line":49,"column":5},"end":{"line":49,"column":null}},"type":"cond-expr","locations":[{"start":{"line":49,"column":18},"end":{"line":49,"column":22}},{"start":{"line":49,"column":22},"end":{"line":49,"column":null}}],"line":49},"2":{"loc":{"start":{"line":50,"column":5},"end":{"line":50,"column":null}},"type":"cond-expr","locations":[{"start":{"line":50,"column":16},"end":{"line":50,"column":20}},{"start":{"line":50,"column":20},"end":{"line":50,"column":null}}],"line":50},"3":{"loc":{"start":{"line":51,"column":5},"end":{"line":51,"column":null}},"type":"cond-expr","locations":[{"start":{"line":51,"column":18},"end":{"line":51,"column":22}},{"start":{"line":51,"column":22},"end":{"line":51,"column":null}}],"line":51},"4":{"loc":{"start":{"line":70,"column":8},"end":{"line":70,"column":null}},"type":"if","locations":[{"start":{"line":70,"column":8},"end":{"line":70,"column":null}},{"start":{},"end":{}}],"line":70},"5":{"loc":{"start":{"line":70,"column":25},"end":{"line":70,"column":42}},"type":"binary-expr","locations":[{"start":{"line":70,"column":25},"end":{"line":70,"column":37}},{"start":{"line":70,"column":37},"end":{"line":70,"column":42}}],"line":70},"6":{"loc":{"start":{"line":79,"column":30},"end":{"line":79,"column":63}},"type":"cond-expr","locations":[{"start":{"line":79,"column":44},"end":{"line":79,"column":60}},{"start":{"line":79,"column":60},"end":{"line":79,"column":63}}],"line":79},"7":{"loc":{"start":{"line":90,"column":4},"end":{"line":101,"column":null}},"type":"if","locations":[{"start":{"line":90,"column":4},"end":{"line":101,"column":null}},{"start":{},"end":{}}],"line":90},"8":{"loc":{"start":{"line":93,"column":8},"end":{"line":93,"column":null}},"type":"binary-expr","locations":[{"start":{"line":93,"column":8},"end":{"line":93,"column":23}},{"start":{"line":93,"column":23},"end":{"line":93,"column":null}}],"line":93},"9":{"loc":{"start":{"line":100,"column":6},"end":{"line":100,"column":null}},"type":"if","locations":[{"start":{"line":100,"column":6},"end":{"line":100,"column":null}},{"start":{},"end":{}}],"line":100},"10":{"loc":{"start":{"line":102,"column":4},"end":{"line":102,"column":null}},"type":"if","locations":[{"start":{"line":102,"column":4},"end":{"line":102,"column":null}},{"start":{},"end":{}}],"line":102},"11":{"loc":{"start":{"line":102,"column":8},"end":{"line":102,"column":57}},"type":"binary-expr","locations":[{"start":{"line":102,"column":8},"end":{"line":102,"column":27}},{"start":{"line":102,"column":27},"end":{"line":102,"column":57}}],"line":102},"12":{"loc":{"start":{"line":103,"column":4},"end":{"line":103,"column":null}},"type":"if","locations":[{"start":{"line":103,"column":4},"end":{"line":103,"column":null}},{"start":{},"end":{}}],"line":103},"13":{"loc":{"start":{"line":103,"column":8},"end":{"line":103,"column":85}},"type":"binary-expr","locations":[{"start":{"line":103,"column":8},"end":{"line":103,"column":31}},{"start":{"line":103,"column":31},"end":{"line":103,"column":85}}],"line":103},"14":{"loc":{"start":{"line":103,"column":33},"end":{"line":103,"column":85}},"type":"binary-expr","locations":[{"start":{"line":103,"column":33},"end":{"line":103,"column":48}},{"start":{"line":103,"column":48},"end":{"line":103,"column":85}}],"line":103},"15":{"loc":{"start":{"line":104,"column":4},"end":{"line":104,"column":null}},"type":"if","locations":[{"start":{"line":104,"column":4},"end":{"line":104,"column":null}},{"start":{},"end":{}}],"line":104},"16":{"loc":{"start":{"line":104,"column":8},"end":{"line":104,"column":61}},"type":"binary-expr","locations":[{"start":{"line":104,"column":8},"end":{"line":104,"column":28}},{"start":{"line":104,"column":28},"end":{"line":104,"column":61}}],"line":104},"17":{"loc":{"start":{"line":105,"column":4},"end":{"line":105,"column":null}},"type":"if","locations":[{"start":{"line":105,"column":4},"end":{"line":105,"column":null}},{"start":{},"end":{}}],"line":105},"18":{"loc":{"start":{"line":105,"column":8},"end":{"line":105,"column":61}},"type":"binary-expr","locations":[{"start":{"line":105,"column":8},"end":{"line":105,"column":28}},{"start":{"line":105,"column":28},"end":{"line":105,"column":61}}],"line":105},"19":{"loc":{"start":{"line":106,"column":4},"end":{"line":106,"column":null}},"type":"if","locations":[{"start":{"line":106,"column":4},"end":{"line":106,"column":null}},{"start":{},"end":{}}],"line":106},"20":{"loc":{"start":{"line":106,"column":8},"end":{"line":106,"column":70}},"type":"binary-expr","locations":[{"start":{"line":106,"column":8},"end":{"line":106,"column":31}},{"start":{"line":106,"column":31},"end":{"line":106,"column":70}}],"line":106},"21":{"loc":{"start":{"line":107,"column":4},"end":{"line":107,"column":null}},"type":"if","locations":[{"start":{"line":107,"column":4},"end":{"line":107,"column":null}},{"start":{},"end":{}}],"line":107},"22":{"loc":{"start":{"line":107,"column":8},"end":{"line":107,"column":52}},"type":"binary-expr","locations":[{"start":{"line":107,"column":8},"end":{"line":107,"column":25}},{"start":{"line":107,"column":25},"end":{"line":107,"column":52}}],"line":107},"23":{"loc":{"start":{"line":109,"column":4},"end":{"line":109,"column":null}},"type":"if","locations":[{"start":{"line":109,"column":4},"end":{"line":109,"column":null}},{"start":{},"end":{}}],"line":109},"24":{"loc":{"start":{"line":109,"column":8},"end":{"line":109,"column":66}},"type":"binary-expr","locations":[{"start":{"line":109,"column":8},"end":{"line":109,"column":23}},{"start":{"line":109,"column":23},"end":{"line":109,"column":39}},{"start":{"line":109,"column":39},"end":{"line":109,"column":66}}],"line":109},"25":{"loc":{"start":{"line":110,"column":4},"end":{"line":110,"column":null}},"type":"if","locations":[{"start":{"line":110,"column":4},"end":{"line":110,"column":null}},{"start":{},"end":{}}],"line":110},"26":{"loc":{"start":{"line":110,"column":8},"end":{"line":110,"column":62}},"type":"binary-expr","locations":[{"start":{"line":110,"column":8},"end":{"line":110,"column":21}},{"start":{"line":110,"column":21},"end":{"line":110,"column":37}},{"start":{"line":110,"column":37},"end":{"line":110,"column":62}}],"line":110},"27":{"loc":{"start":{"line":123,"column":7},"end":{"line":123,"column":null}},"type":"binary-expr","locations":[{"start":{"line":123,"column":7},"end":{"line":123,"column":26}},{"start":{"line":123,"column":26},"end":{"line":123,"column":null}}],"line":123},"28":{"loc":{"start":{"line":141,"column":2},"end":{"line":141,"column":null}},"type":"if","locations":[{"start":{"line":141,"column":2},"end":{"line":141,"column":null}},{"start":{},"end":{}}],"line":141},"29":{"loc":{"start":{"line":142,"column":2},"end":{"line":142,"column":null}},"type":"if","locations":[{"start":{"line":142,"column":2},"end":{"line":142,"column":null}},{"start":{},"end":{}}],"line":142},"30":{"loc":{"start":{"line":143,"column":2},"end":{"line":143,"column":null}},"type":"if","locations":[{"start":{"line":143,"column":2},"end":{"line":143,"column":null}},{"start":{},"end":{}}],"line":143},"31":{"loc":{"start":{"line":144,"column":2},"end":{"line":144,"column":null}},"type":"if","locations":[{"start":{"line":144,"column":2},"end":{"line":144,"column":null}},{"start":{},"end":{}}],"line":144},"32":{"loc":{"start":{"line":145,"column":2},"end":{"line":145,"column":null}},"type":"if","locations":[{"start":{"line":145,"column":2},"end":{"line":145,"column":null}},{"start":{},"end":{}}],"line":145},"33":{"loc":{"start":{"line":146,"column":2},"end":{"line":146,"column":null}},"type":"if","locations":[{"start":{"line":146,"column":2},"end":{"line":146,"column":null}},{"start":{},"end":{}}],"line":146},"34":{"loc":{"start":{"line":147,"column":2},"end":{"line":147,"column":null}},"type":"if","locations":[{"start":{"line":147,"column":2},"end":{"line":147,"column":null}},{"start":{},"end":{}}],"line":147},"35":{"loc":{"start":{"line":148,"column":2},"end":{"line":148,"column":null}},"type":"if","locations":[{"start":{"line":148,"column":2},"end":{"line":148,"column":null}},{"start":{},"end":{}}],"line":148},"36":{"loc":{"start":{"line":149,"column":2},"end":{"line":149,"column":null}},"type":"if","locations":[{"start":{"line":149,"column":2},"end":{"line":149,"column":null}},{"start":{},"end":{}}],"line":149}},"s":{"0":1,"1":1,"2":1,"3":11,"4":11,"5":11,"6":4,"7":2,"8":12,"9":12,"10":30,"11":11,"12":11,"13":12,"14":6,"15":2,"16":2,"17":5,"18":5,"19":5,"20":5,"21":5,"22":5,"23":13,"24":13,"25":40,"26":9,"27":9,"28":6,"29":34,"30":0,"31":34,"32":2,"33":32,"34":2,"35":30,"36":2,"37":28,"38":1,"39":27,"40":2,"41":25,"42":1,"43":24,"44":3,"45":21,"46":1,"47":6,"48":3,"49":1,"50":1,"51":1,"52":9,"53":1,"54":1,"55":1,"56":0,"57":1,"58":1,"59":1,"60":1,"61":1,"62":0,"63":1,"64":0,"65":1,"66":1,"67":1,"68":1,"69":1,"70":1,"71":1},"f":{"0":1,"1":1,"2":11,"3":11,"4":4,"5":2,"6":12,"7":6,"8":2,"9":5,"10":5,"11":5,"12":5,"13":5,"14":5,"15":13,"16":40,"17":1,"18":6,"19":3,"20":1,"21":9},"b":{"0":[1,1,1,1,1,1,1,1,1],"1":[1,0],"2":[0,1],"3":[0,1],"4":[11,0],"5":[11,6],"6":[3,2],"7":[9,31],"8":[9,0],"9":[6,3],"10":[0,34],"11":[34,0],"12":[2,32],"13":[34,9],"14":[9,9],"15":[2,30],"16":[32,3],"17":[2,28],"18":[30,3],"19":[1,27],"20":[28,2],"21":[2,25],"22":[27,3],"23":[1,24],"24":[25,6,6],"25":[3,21],"26":[24,7,6],"27":[1,0],"28":[1,0],"29":[0,1],"30":[1,0],"31":[1,0],"32":[0,1],"33":[0,1],"34":[1,0],"35":[1,0],"36":[1,0]},"meta":{"lastBranch":37,"lastFunction":22,"lastStatement":72,"seen":{"s:15:38:25:Infinity":0,"f:27:16:27:30":0,"s:28:2:37:Infinity":1,"b:29:4:29:Infinity:30:4:30:Infinity:31:4:31:Infinity:32:4:32:Infinity:33:4:33:Infinity:34:4:34:Infinity:35:4:35:Infinity:36:4:36:Infinity:37:4:37:Infinity":0,"f:41:16:41:28":1,"s:42:2:51:Infinity":2,"b:49:18:49:22:49:22:49:Infinity":1,"b:50:16:50:20:50:20:50:Infinity":2,"b:51:18:51:22:51:22:51:Infinity":3,"f:55:9:55:18":2,"s:56:14:56:Infinity":3,"f:56:24:56:29":3,"s:56:35:56:50":4,"s:57:2:57:Infinity":5,"f:57:11:57:17":4,"s:57:23:57:47":6,"f:65:16:65:30":5,"s:66:8:76:Infinity":7,"f:66:8:66:17":6,"s:67:14:67:Infinity":8,"s:68:4:72:Infinity":9,"s:69:6:71:Infinity":10,"b:70:8:70:Infinity:undefined:undefined:undefined:undefined":4,"s:70:8:70:Infinity":11,"s:70:15:70:Infinity":12,"b:70:25:70:37:70:37:70:42":5,"s:73:4:75:Infinity":13,"f:74:7:74:12":7,"s:74:32:74:49":14,"f:75:7:75:13":8,"s:75:22:75:52":15,"s:77:2:84:Infinity":16,"f:78:12:78:19":9,"s:78:25:78:35":17,"f:79:16:79:23":10,"s:79:30:79:63":18,"b:79:44:79:60:79:60:79:63":6,"f:80:13:80:20":11,"s:80:26:80:35":19,"f:81:13:81:20":12,"s:81:26:81:35":20,"f:82:16:82:23":13,"s:82:29:82:41":21,"f:83:10:83:17":14,"s:83:23:83:29":22,"f:87:16:87:29":15,"s:88:12:88:Infinity":23,"s:89:2:112:Infinity":24,"f:89:16:89:24":16,"b:90:4:101:Infinity:undefined:undefined:undefined:undefined":7,"s:90:4:101:Infinity":25,"s:91:23:99:Infinity":26,"b:93:8:93:23:93:23:93:Infinity":8,"b:100:6:100:Infinity:undefined:undefined:undefined:undefined":9,"s:100:6:100:Infinity":27,"s:100:33:100:Infinity":28,"b:102:4:102:Infinity:undefined:undefined:undefined:undefined":10,"s:102:4:102:Infinity":29,"b:102:8:102:27:102:27:102:57":11,"s:102:57:102:Infinity":30,"b:103:4:103:Infinity:undefined:undefined:undefined:undefined":12,"s:103:4:103:Infinity":31,"b:103:8:103:31:103:31:103:85":13,"b:103:33:103:48:103:48:103:85":14,"s:103:85:103:Infinity":32,"b:104:4:104:Infinity:undefined:undefined:undefined:undefined":15,"s:104:4:104:Infinity":33,"b:104:8:104:28:104:28:104:61":16,"s:104:61:104:Infinity":34,"b:105:4:105:Infinity:undefined:undefined:undefined:undefined":17,"s:105:4:105:Infinity":35,"b:105:8:105:28:105:28:105:61":18,"s:105:61:105:Infinity":36,"b:106:4:106:Infinity:undefined:undefined:undefined:undefined":19,"s:106:4:106:Infinity":37,"b:106:8:106:31:106:31:106:70":20,"s:106:70:106:Infinity":38,"b:107:4:107:Infinity:undefined:undefined:undefined:undefined":21,"s:107:4:107:Infinity":39,"b:107:8:107:25:107:25:107:52":22,"s:107:52:107:Infinity":40,"b:109:4:109:Infinity:undefined:undefined:undefined:undefined":23,"s:109:4:109:Infinity":41,"b:109:8:109:23:109:23:109:39:109:39:109:66":24,"s:109:66:109:Infinity":42,"b:110:4:110:Infinity:undefined:undefined:undefined:undefined":25,"s:110:4:110:Infinity":43,"b:110:8:110:21:110:21:110:37:110:37:110:62":26,"s:110:62:110:Infinity":44,"s:111:4:111:Infinity":45,"f:119:16:119:34":17,"s:120:8:121:Infinity":46,"f:120:8:120:18":18,"s:121:4:121:Infinity":47,"f:121:23:121:32":19,"s:121:38:121:66":48,"s:122:2:132:Infinity":49,"b:123:7:123:26:123:26:123:Infinity":27,"f:136:16:136:32":20,"s:137:12:137:Infinity":50,"s:138:2:140:Infinity":51,"f:138:85:138:Infinity":21,"s:139:11:139:Infinity":52,"b:141:2:141:Infinity:undefined:undefined:undefined:undefined":28,"s:141:2:141:Infinity":53,"s:141:18:141:Infinity":54,"b:142:2:142:Infinity:undefined:undefined:undefined:undefined":29,"s:142:2:142:Infinity":55,"s:142:23:142:Infinity":56,"b:143:2:143:Infinity:undefined:undefined:undefined:undefined":30,"s:143:2:143:Infinity":57,"s:143:27:143:Infinity":58,"b:144:2:144:Infinity:undefined:undefined:undefined:undefined":31,"s:144:2:144:Infinity":59,"s:144:24:144:Infinity":60,"b:145:2:145:Infinity:undefined:undefined:undefined:undefined":32,"s:145:2:145:Infinity":61,"s:145:24:145:Infinity":62,"b:146:2:146:Infinity:undefined:undefined:undefined:undefined":33,"s:146:2:146:Infinity":63,"s:146:27:146:Infinity":64,"b:147:2:147:Infinity:undefined:undefined:undefined:undefined":34,"s:147:2:147:Infinity":65,"s:147:21:147:Infinity":66,"b:148:2:148:Infinity:undefined:undefined:undefined:undefined":35,"s:148:2:148:Infinity":67,"s:148:18:148:Infinity":68,"b:149:2:149:Infinity:undefined:undefined:undefined:undefined":36,"s:149:2:149:Infinity":69,"s:149:16:149:Infinity":70,"s:150:2:150:Infinity":71},"fnNames":{}}}
,"/Users/tuvo/Documents/Github/comic-board/src/lib/fractional-index.ts": {"path":"/Users/tuvo/Documents/Github/comic-board/src/lib/fractional-index.ts","statementMap":{"0":{"start":{"line":8,"column":29},"end":{"line":8,"column":null}},"1":{"start":{"line":12,"column":2},"end":{"line":12,"column":null}},"2":{"start":{"line":12,"column":44},"end":{"line":12,"column":null}},"3":{"start":{"line":13,"column":2},"end":{"line":13,"column":null}},"4":{"start":{"line":18,"column":2},"end":{"line":18,"column":null}},"5":{"start":{"line":18,"column":44},"end":{"line":18,"column":null}},"6":{"start":{"line":19,"column":2},"end":{"line":19,"column":null}},"7":{"start":{"line":30,"column":2},"end":{"line":30,"column":null}},"8":{"start":{"line":30,"column":39},"end":{"line":30,"column":null}},"9":{"start":{"line":31,"column":2},"end":{"line":31,"column":null}},"10":{"start":{"line":31,"column":22},"end":{"line":31,"column":null}},"11":{"start":{"line":32,"column":2},"end":{"line":32,"column":null}},"12":{"start":{"line":32,"column":21},"end":{"line":32,"column":null}},"13":{"start":{"line":33,"column":2},"end":{"line":33,"column":null}},"14":{"start":{"line":41,"column":2},"end":{"line":41,"column":null}}},"fnMap":{"0":{"name":"positionAfterMax","decl":{"start":{"line":11,"column":16},"end":{"line":11,"column":33}},"loc":{"start":{"line":11,"column":73},"end":{"line":14,"column":null}},"line":11},"1":{"name":"positionBeforeMin","decl":{"start":{"line":17,"column":16},"end":{"line":17,"column":34}},"loc":{"start":{"line":17,"column":74},"end":{"line":20,"column":null}},"line":17},"2":{"name":"positionBetween","decl":{"start":{"line":26,"column":16},"end":{"line":26,"column":null}},"loc":{"start":{"line":29,"column":10},"end":{"line":34,"column":null}},"line":29},"3":{"name":"needsRenumber","decl":{"start":{"line":40,"column":16},"end":{"line":40,"column":30}},"loc":{"start":{"line":40,"column":70},"end":{"line":42,"column":null}},"line":40}},"branchMap":{"0":{"loc":{"start":{"line":12,"column":2},"end":{"line":12,"column":null}},"type":"if","locations":[{"start":{"line":12,"column":2},"end":{"line":12,"column":null}},{"start":{},"end":{}}],"line":12},"1":{"loc":{"start":{"line":12,"column":6},"end":{"line":12,"column":44}},"type":"binary-expr","locations":[{"start":{"line":12,"column":6},"end":{"line":12,"column":21}},{"start":{"line":12,"column":21},"end":{"line":12,"column":44}}],"line":12},"2":{"loc":{"start":{"line":18,"column":2},"end":{"line":18,"column":null}},"type":"if","locations":[{"start":{"line":18,"column":2},"end":{"line":18,"column":null}},{"start":{},"end":{}}],"line":18},"3":{"loc":{"start":{"line":18,"column":6},"end":{"line":18,"column":44}},"type":"binary-expr","locations":[{"start":{"line":18,"column":6},"end":{"line":18,"column":21}},{"start":{"line":18,"column":21},"end":{"line":18,"column":44}}],"line":18},"4":{"loc":{"start":{"line":30,"column":2},"end":{"line":30,"column":null}},"type":"if","locations":[{"start":{"line":30,"column":2},"end":{"line":30,"column":null}},{"start":{},"end":{}}],"line":30},"5":{"loc":{"start":{"line":30,"column":6},"end":{"line":30,"column":39}},"type":"binary-expr","locations":[{"start":{"line":30,"column":6},"end":{"line":30,"column":24}},{"start":{"line":30,"column":24},"end":{"line":30,"column":39}}],"line":30},"6":{"loc":{"start":{"line":31,"column":2},"end":{"line":31,"column":null}},"type":"if","locations":[{"start":{"line":31,"column":2},"end":{"line":31,"column":null}},{"start":{},"end":{}}],"line":31},"7":{"loc":{"start":{"line":32,"column":2},"end":{"line":32,"column":null}},"type":"if","locations":[{"start":{"line":32,"column":2},"end":{"line":32,"column":null}},{"start":{},"end":{}}],"line":32}},"s":{"0":1,"1":3,"2":1,"3":2,"4":3,"5":1,"6":2,"7":25,"8":1,"9":24,"10":1,"11":23,"12":1,"13":22,"14":2},"f":{"0":3,"1":3,"2":25,"3":2},"b":{"0":[1,2],"1":[3,2],"2":[1,2],"3":[3,2],"4":[1,24],"5":[25,2],"6":[1,23],"7":[1,22]},"meta":{"lastBranch":8,"lastFunction":4,"lastStatement":15,"seen":{"s:8:29:8:Infinity":0,"f:11:16:11:33":0,"b:12:2:12:Infinity:undefined:undefined:undefined:undefined":0,"s:12:2:12:Infinity":1,"b:12:6:12:21:12:21:12:44":1,"s:12:44:12:Infinity":2,"s:13:2:13:Infinity":3,"f:17:16:17:34":1,"b:18:2:18:Infinity:undefined:undefined:undefined:undefined":2,"s:18:2:18:Infinity":4,"b:18:6:18:21:18:21:18:44":3,"s:18:44:18:Infinity":5,"s:19:2:19:Infinity":6,"f:26:16:26:Infinity":2,"b:30:2:30:Infinity:undefined:undefined:undefined:undefined":4,"s:30:2:30:Infinity":7,"b:30:6:30:24:30:24:30:39":5,"s:30:39:30:Infinity":8,"b:31:2:31:Infinity:undefined:undefined:undefined:undefined":6,"s:31:2:31:Infinity":9,"s:31:22:31:Infinity":10,"b:32:2:32:Infinity:undefined:undefined:undefined:undefined":7,"s:32:2:32:Infinity":11,"s:32:21:32:Infinity":12,"s:33:2:33:Infinity":13,"f:40:16:40:30":3,"s:41:2:41:Infinity":14},"fnNames":{}}}
,"/Users/tuvo/Documents/Github/comic-board/src/lib/ids.ts": {"path":"/Users/tuvo/Documents/Github/comic-board/src/lib/ids.ts","statementMap":{"0":{"start":{"line":4,"column":17},"end":{"line":4,"column":null}},"1":{"start":{"line":5,"column":21},"end":{"line":5,"column":null}},"2":{"start":{"line":9,"column":2},"end":{"line":9,"column":null}}},"fnMap":{"0":{"name":"nameKey","decl":{"start":{"line":8,"column":16},"end":{"line":8,"column":24}},"loc":{"start":{"line":8,"column":46},"end":{"line":10,"column":null}},"line":8}},"branchMap":{},"s":{"0":1,"1":1,"2":5},"f":{"0":5},"b":{},"meta":{"lastBranch":0,"lastFunction":1,"lastStatement":3,"seen":{"s:4:17:4:Infinity":0,"s:5:21:5:Infinity":1,"f:8:16:8:24":0,"s:9:2:9:Infinity":2},"fnNames":{}}}
,"/Users/tuvo/Documents/Github/comic-board/src/lib/schemas.ts": {"path":"/Users/tuvo/Documents/Github/comic-board/src/lib/schemas.ts","statementMap":{"0":{"start":{"line":4,"column":31},"end":{"line":25,"column":null}},"1":{"start":{"line":17,"column":20},"end":{"line":17,"column":38}},"2":{"start":{"line":34,"column":33},"end":{"line":54,"column":null}},"3":{"start":{"line":47,"column":20},"end":{"line":47,"column":38}},"4":{"start":{"line":57,"column":36},"end":{"line":60,"column":null}},"5":{"start":{"line":62,"column":33},"end":{"line":65,"column":null}},"6":{"start":{"line":67,"column":33},"end":{"line":70,"column":null}}},"fnMap":{"0":{"name":"(anonymous_0)","decl":{"start":{"line":17,"column":5},"end":{"line":17,"column":13}},"loc":{"start":{"line":17,"column":20},"end":{"line":17,"column":38}},"line":17},"1":{"name":"(anonymous_1)","decl":{"start":{"line":47,"column":5},"end":{"line":47,"column":13}},"loc":{"start":{"line":47,"column":20},"end":{"line":47,"column":38}},"line":47}},"branchMap":{},"s":{"0":1,"1":0,"2":1,"3":5,"4":1,"5":1,"6":1},"f":{"0":0,"1":5},"b":{},"meta":{"lastBranch":0,"lastFunction":2,"lastStatement":7,"seen":{"s:4:31:25:Infinity":0,"f:17:5:17:13":0,"s:17:20:17:38":1,"s:34:33:54:Infinity":2,"f:47:5:47:13":1,"s:47:20:47:38":3,"s:57:36:60:Infinity":4,"s:62:33:65:Infinity":5,"s:67:33:70:Infinity":6},"fnNames":{}}}
,"/Users/tuvo/Documents/Github/comic-board/src/lib/sort.ts": {"path":"/Users/tuvo/Documents/Github/comic-board/src/lib/sort.ts","statementMap":{"0":{"start":{"line":5,"column":37},"end":{"line":5,"column":null}},"1":{"start":{"line":7,"column":65},"end":{"line":13,"column":null}},"2":{"start":{"line":16,"column":2},"end":{"line":17,"column":null}},"3":{"start":{"line":23,"column":2},"end":{"line":23,"column":null}},"4":{"start":{"line":23,"column":10},"end":{"line":23,"column":null}},"5":{"start":{"line":24,"column":12},"end":{"line":24,"column":null}},"6":{"start":{"line":25,"column":2},"end":{"line":25,"column":null}},"7":{"start":{"line":30,"column":14},"end":{"line":30,"column":null}},"8":{"start":{"line":31,"column":2},"end":{"line":54,"column":null}},"9":{"start":{"line":33,"column":6},"end":{"line":33,"column":null}},"10":{"start":{"line":33,"column":32},"end":{"line":33,"column":55}},"11":{"start":{"line":36,"column":6},"end":{"line":36,"column":null}},"12":{"start":{"line":36,"column":32},"end":{"line":36,"column":57}},"13":{"start":{"line":39,"column":6},"end":{"line":44,"column":null}},"14":{"start":{"line":40,"column":8},"end":{"line":40,"column":null}},"15":{"start":{"line":40,"column":42},"end":{"line":40,"column":null}},"16":{"start":{"line":41,"column":8},"end":{"line":41,"column":null}},"17":{"start":{"line":41,"column":26},"end":{"line":41,"column":null}},"18":{"start":{"line":42,"column":8},"end":{"line":42,"column":null}},"19":{"start":{"line":42,"column":26},"end":{"line":42,"column":null}},"20":{"start":{"line":43,"column":8},"end":{"line":43,"column":null}},"21":{"start":{"line":47,"column":6},"end":{"line":50,"column":null}},"22":{"start":{"line":49,"column":10},"end":{"line":49,"column":null}},"23":{"start":{"line":53,"column":6},"end":{"line":53,"column":null}},"24":{"start":{"line":53,"column":26},"end":{"line":53,"column":67}}},"fnMap":{"0":{"name":"isSortKey","decl":{"start":{"line":15,"column":16},"end":{"line":15,"column":26}},"loc":{"start":{"line":15,"column":58},"end":{"line":19,"column":null}},"line":15},"1":{"name":"issueNumber","decl":{"start":{"line":22,"column":9},"end":{"line":22,"column":21}},"loc":{"start":{"line":22,"column":47},"end":{"line":26,"column":null}},"line":22},"2":{"name":"sortComics","decl":{"start":{"line":29,"column":16},"end":{"line":29,"column":27}},"loc":{"start":{"line":29,"column":73},"end":{"line":55,"column":null}},"line":29},"3":{"name":"(anonymous_3)","decl":{"start":{"line":33,"column":17},"end":{"line":33,"column":23}},"loc":{"start":{"line":33,"column":32},"end":{"line":33,"column":55}},"line":33},"4":{"name":"(anonymous_4)","decl":{"start":{"line":36,"column":17},"end":{"line":36,"column":23}},"loc":{"start":{"line":36,"column":32},"end":{"line":36,"column":57}},"line":36},"5":{"name":"(anonymous_5)","decl":{"start":{"line":39,"column":17},"end":{"line":39,"column":23}},"loc":{"start":{"line":39,"column":32},"end":{"line":44,"column":7}},"line":39},"6":{"name":"(anonymous_6)","decl":{"start":{"line":47,"column":17},"end":{"line":47,"column":null}},"loc":{"start":{"line":49,"column":10},"end":{"line":49,"column":null}},"line":49},"7":{"name":"(anonymous_7)","decl":{"start":{"line":53,"column":17},"end":{"line":53,"column":23}},"loc":{"start":{"line":53,"column":26},"end":{"line":53,"column":67}},"line":53}},"branchMap":{"0":{"loc":{"start":{"line":17,"column":4},"end":{"line":17,"column":null}},"type":"binary-expr","locations":[{"start":{"line":17,"column":4},"end":{"line":17,"column":21}},{"start":{"line":17,"column":21},"end":{"line":17,"column":42}},{"start":{"line":17,"column":42},"end":{"line":17,"column":60}},{"start":{"line":17,"column":60},"end":{"line":17,"column":78}},{"start":{"line":17,"column":78},"end":{"line":17,"column":null}}],"line":17},"1":{"loc":{"start":{"line":23,"column":2},"end":{"line":23,"column":null}},"type":"if","locations":[{"start":{"line":23,"column":2},"end":{"line":23,"column":null}},{"start":{},"end":{}}],"line":23},"2":{"loc":{"start":{"line":25,"column":9},"end":{"line":25,"column":null}},"type":"cond-expr","locations":[{"start":{"line":25,"column":13},"end":{"line":25,"column":34}},{"start":{"line":25,"column":34},"end":{"line":25,"column":null}}],"line":25},"3":{"loc":{"start":{"line":31,"column":2},"end":{"line":54,"column":null}},"type":"switch","locations":[{"start":{"line":32,"column":4},"end":{"line":33,"column":null}},{"start":{"line":34,"column":4},"end":{"line":36,"column":null}},{"start":{"line":37,"column":4},"end":{"line":44,"column":null}},{"start":{"line":45,"column":4},"end":{"line":50,"column":null}},{"start":{"line":51,"column":4},"end":{"line":53,"column":null}}],"line":31},"4":{"loc":{"start":{"line":40,"column":8},"end":{"line":40,"column":null}},"type":"if","locations":[{"start":{"line":40,"column":8},"end":{"line":40,"column":null}},{"start":{},"end":{}}],"line":40},"5":{"loc":{"start":{"line":40,"column":12},"end":{"line":40,"column":42}},"type":"binary-expr","locations":[{"start":{"line":40,"column":12},"end":{"line":40,"column":28}},{"start":{"line":40,"column":28},"end":{"line":40,"column":42}}],"line":40},"6":{"loc":{"start":{"line":41,"column":8},"end":{"line":41,"column":null}},"type":"if","locations":[{"start":{"line":41,"column":8},"end":{"line":41,"column":null}},{"start":{},"end":{}}],"line":41},"7":{"loc":{"start":{"line":42,"column":8},"end":{"line":42,"column":null}},"type":"if","locations":[{"start":{"line":42,"column":8},"end":{"line":42,"column":null}},{"start":{},"end":{}}],"line":42},"8":{"loc":{"start":{"line":49,"column":10},"end":{"line":49,"column":null}},"type":"binary-expr","locations":[{"start":{"line":49,"column":10},"end":{"line":49,"column":46}},{"start":{"line":49,"column":46},"end":{"line":49,"column":null}}],"line":49},"9":{"loc":{"start":{"line":53,"column":33},"end":{"line":53,"column":52}},"type":"binary-expr","locations":[{"start":{"line":53,"column":33},"end":{"line":53,"column":45}},{"start":{"line":53,"column":45},"end":{"line":53,"column":52}}],"line":53},"10":{"loc":{"start":{"line":53,"column":52},"end":{"line":53,"column":67}},"type":"binary-expr","locations":[{"start":{"line":53,"column":52},"end":{"line":53,"column":64}},{"start":{"line":53,"column":64},"end":{"line":53,"column":67}}],"line":53}},"s":{"0":1,"1":1,"2":4,"3":2,"4":0,"5":2,"6":2,"7":6,"8":6,"9":2,"10":4,"11":1,"12":3,"13":1,"14":3,"15":0,"16":3,"17":1,"18":2,"19":1,"20":1,"21":1,"22":3,"23":1,"24":5},"f":{"0":4,"1":2,"2":6,"3":4,"4":3,"5":3,"6":3,"7":5},"b":{"0":[4,4,3,3,3],"1":[0,2],"2":[2,0],"3":[2,1,1,1,1],"4":[0,3],"5":[3,1],"6":[1,2],"7":[1,1],"8":[3,1],"9":[5,2],"10":[5,1]},"meta":{"lastBranch":11,"lastFunction":8,"lastStatement":25,"seen":{"s:5:37:5:Infinity":0,"s:7:65:13:Infinity":1,"f:15:16:15:26":0,"s:16:2:17:Infinity":2,"b:17:4:17:21:17:21:17:42:17:42:17:60:17:60:17:78:17:78:17:Infinity":0,"f:22:9:22:21":1,"b:23:2:23:Infinity:undefined:undefined:undefined:undefined":1,"s:23:2:23:Infinity":3,"s:23:10:23:Infinity":4,"s:24:12:24:Infinity":5,"s:25:2:25:Infinity":6,"b:25:13:25:34:25:34:25:Infinity":2,"f:29:16:29:27":2,"s:30:14:30:Infinity":7,"b:32:4:33:Infinity:34:4:36:Infinity:37:4:44:Infinity:45:4:50:Infinity:51:4:53:Infinity":3,"s:31:2:54:Infinity":8,"s:33:6:33:Infinity":9,"f:33:17:33:23":3,"s:33:32:33:55":10,"s:36:6:36:Infinity":11,"f:36:17:36:23":4,"s:36:32:36:57":12,"s:39:6:44:Infinity":13,"f:39:17:39:23":5,"b:40:8:40:Infinity:undefined:undefined:undefined:undefined":4,"s:40:8:40:Infinity":14,"b:40:12:40:28:40:28:40:42":5,"s:40:42:40:Infinity":15,"b:41:8:41:Infinity:undefined:undefined:undefined:undefined":6,"s:41:8:41:Infinity":16,"s:41:26:41:Infinity":17,"b:42:8:42:Infinity:undefined:undefined:undefined:undefined":7,"s:42:8:42:Infinity":18,"s:42:26:42:Infinity":19,"s:43:8:43:Infinity":20,"s:47:6:50:Infinity":21,"f:47:17:47:Infinity":6,"s:49:10:49:Infinity":22,"b:49:10:49:46:49:46:49:Infinity":8,"s:53:6:53:Infinity":23,"f:53:17:53:23":7,"s:53:26:53:67":24,"b:53:33:53:45:53:45:53:52":9,"b:53:52:53:64:53:64:53:67":10},"fnNames":{}}}
,"/Users/tuvo/Documents/Github/comic-board/src/lib/test-fixtures.ts": {"path":"/Users/tuvo/Documents/Github/comic-board/src/lib/test-fixtures.ts","statementMap":{"0":{"start":{"line":3,"column":10},"end":{"line":3,"column":null}},"1":{"start":{"line":7,"column":2},"end":{"line":7,"column":null}},"2":{"start":{"line":8,"column":2},"end":{"line":28,"column":null}}},"fnMap":{"0":{"name":"makeComic","decl":{"start":{"line":6,"column":16},"end":{"line":6,"column":26}},"loc":{"start":{"line":6,"column":66},"end":{"line":29,"column":null}},"line":6}},"branchMap":{"0":{"loc":{"start":{"line":6,"column":26},"end":{"line":6,"column":66}},"type":"default-arg","locations":[{"start":{"line":6,"column":52},"end":{"line":6,"column":66}}],"line":6},"1":{"loc":{"start":{"line":9,"column":8},"end":{"line":9,"column":null}},"type":"binary-expr","locations":[{"start":{"line":9,"column":8},"end":{"line":9,"column":19}},{"start":{"line":9,"column":19},"end":{"line":9,"column":null}}],"line":9}},"s":{"0":3,"1":35,"2":35},"f":{"0":35},"b":{"0":[35],"1":[35,11]},"meta":{"lastBranch":2,"lastFunction":1,"lastStatement":3,"seen":{"s:3:10:3:Infinity":0,"f:6:16:6:26":0,"b:6:52:6:66":0,"s:7:2:7:Infinity":1,"s:8:2:28:Infinity":2,"b:9:8:9:19:9:19:9:Infinity":1},"fnNames":{}}}
}
